<?xml version="1.0" encoding="UTF-8"?>
<!-- Generated by org.testng.reporters.JUnitReportReporter -->
<testsuite hostname="DESKTOP-0UJD6O5" failures="0" tests="1" name="forTest.orgTest" time="0.042" errors="0" timestamp="2024-12-13T11:59:27 IST" skipped="0">
  <testcase classname="forTest.orgTest" name="add" time="0.042"/>
  <system-out/>
</testsuite> <!-- forTest.orgTest -->
