<?xml version="1.0" encoding="UTF-8"?>
<!-- Generated by org.testng.reporters.JUnitReportReporter -->
<testsuite hostname="DESKTOP-0UJD6O5" failures="0" tests="1" name="forTest.NextTest" time="0.044" errors="0" timestamp="2024-12-13T12:01:24 IST" skipped="0">
  <testcase classname="forTest.NextTest" name="substract" time="0.044"/>
  <system-out/>
</testsuite> <!-- forTest.NextTest -->
